app/build/outputs/logs/manifest-merger-debug-report.txt
-- Merging decision tree log ---
manifest
ADDED from src\main\AndroidManifest.xml:2:1-586:12
	package
		ADDED from src\main\AndroidManifest.xml:3:5-30
		INJECTED from src\main\AndroidManifest.xml
		INJECTED from src\main\AndroidManifest.xml
	android:versionName
		ADDED from src\main\AndroidManifest.xml:5:5-32
		INJECTED from src\main\AndroidManifest.xml
		INJECTED from src\main\AndroidManifest.xml
	android:versionCode
		ADDED from src\main\AndroidManifest.xml:4:5-30
		INJECTED from src\main\AndroidManifest.xml
		INJECTED from src\main\AndroidManifest.xml
	xmlns:android
		ADDED from src\main\AndroidManifest.xml:2:11-69
supports-screens
ADDED from src\main\AndroidManifest.xml:7:5-12:39
	android:largeScreens
		ADDED from src\main\AndroidManifest.xml:9:9-36
	android:smallScreens
		ADDED from src\main\AndroidManifest.xml:12:9-36
	android:normalScreens
		ADDED from src\main\AndroidManifest.xml:10:9-37
	android:resizeable
		ADDED from src\main\AndroidManifest.xml:11:9-34
	android:anyDensity
		ADDED from src\main\AndroidManifest.xml:8:9-34
uses-permission#android.permission.INTERNET
ADDED from src\main\AndroidManifest.xml:16:5-67
	android:name
		ADDED from src\main\AndroidManifest.xml:16:22-64
uses-permission#android.permission.WRITE_EXTERNAL_STORAGE
ADDED from src\main\AndroidManifest.xml:18:5-81
	android:name
		ADDED from src\main\AndroidManifest.xml:18:22-78
uses-permission#android.permission.ACCESS_NETWORK_STATE
ADDED from src\main\AndroidManifest.xml:19:5-78
	android:name
		ADDED from src\main\AndroidManifest.xml:19:22-76
uses-permission#android.permission.GET_TASKS
ADDED from src\main\AndroidManifest.xml:20:5-68
	android:name
		ADDED from src\main\AndroidManifest.xml:20:22-65
uses-permission#android.permission.RECORD_AUDIO
ADDED from src\main\AndroidManifest.xml:27:5-71
	android:name
		ADDED from src\main\AndroidManifest.xml:27:22-68
uses-permission#android.permission.MODIFY_AUDIO_SETTINGS
ADDED from src\main\AndroidManifest.xml:29:5-80
	android:name
		ADDED from src\main\AndroidManifest.xml:29:22-77
uses-permission#android.permission.CAMERA
ADDED from src\main\AndroidManifest.xml:35:5-65
	android:name
		ADDED from src\main\AndroidManifest.xml:35:22-62
uses-feature#android.hardware.camera
ADDED from src\main\AndroidManifest.xml:37:5-60
	android:name
		ADDED from src\main\AndroidManifest.xml:37:19-57
uses-permission#android.permission.GET_ACCOUNTS
ADDED from src\main\AndroidManifest.xml:43:5-71
	android:name
		ADDED from src\main\AndroidManifest.xml:43:22-68
uses-permission#android.permission.WRITE_CONTACTS
ADDED from src\main\AndroidManifest.xml:44:5-73
	android:name
		ADDED from src\main\AndroidManifest.xml:44:22-70
uses-permission#android.permission.READ_CONTACTS
ADDED from src\main\AndroidManifest.xml:45:5-72
	android:name
		ADDED from src\main\AndroidManifest.xml:45:22-69
uses-permission#android.permission.WAKE_LOCK
ADDED from src\main\AndroidManifest.xml:51:5-68
	android:name
		ADDED from src\main\AndroidManifest.xml:51:22-65
uses-permission#android.permission.VIBRATE
ADDED from src\main\AndroidManifest.xml:53:5-66
	android:name
		ADDED from src\main\AndroidManifest.xml:53:22-63
uses-permission#android.permission.CALL_PHONE
ADDED from src\main\AndroidManifest.xml:55:5-69
	android:name
		ADDED from src\main\AndroidManifest.xml:55:22-66
uses-permission#android.permission.ACCESS_WIFI_STATE
ADDED from src\main\AndroidManifest.xml:57:5-76
	android:name
		ADDED from src\main\AndroidManifest.xml:57:22-73
uses-permission#android.permission.READ_PHONE_STATE
ADDED from src\main\AndroidManifest.xml:60:5-75
	android:name
		ADDED from src\main\AndroidManifest.xml:60:22-72
uses-permission#android.permission.SEND_SMS
ADDED from src\main\AndroidManifest.xml:70:5-67
	android:name
		ADDED from src\main\AndroidManifest.xml:70:22-64
uses-permission#android.permission.WRITE_SMS
ADDED from src\main\AndroidManifest.xml:71:5-68
	android:name
		ADDED from src\main\AndroidManifest.xml:71:22-65
uses-permission#android.permission.READ_SMS
ADDED from src\main\AndroidManifest.xml:72:5-67
	android:name
		ADDED from src\main\AndroidManifest.xml:72:22-64
uses-permission#com.android.launcher.permission.INSTALL_SHORTCUT
ADDED from src\main\AndroidManifest.xml:80:5-88
	android:name
		ADDED from src\main\AndroidManifest.xml:80:22-85
uses-permission#com.android.launcher.permission.UNINSTALL_SHORTCUT
ADDED from src\main\AndroidManifest.xml:81:5-90
	android:name
		ADDED from src\main\AndroidManifest.xml:81:22-87
uses-feature#android.hardware.camera.autofocus
ADDED from src\main\AndroidManifest.xml:90:5-70
	android:name
		ADDED from src\main\AndroidManifest.xml:90:19-67
uses-permission#android.permission.FLASHLIGHT
ADDED from src\main\AndroidManifest.xml:93:5-69
	android:name
		ADDED from src\main\AndroidManifest.xml:93:22-66
uses-permission#android.permission.ACCESS_COARSE_LOCATION
ADDED from src\main\AndroidManifest.xml:101:5-81
	android:name
		ADDED from src\main\AndroidManifest.xml:101:22-78
uses-permission#android.permission.ACCESS_FINE_LOCATION
ADDED from src\main\AndroidManifest.xml:102:5-79
	android:name
		ADDED from src\main\AndroidManifest.xml:102:22-76
uses-permission#android.permission.WRITE_SETTINGS
ADDED from src\main\AndroidManifest.xml:103:5-73
	android:name
		ADDED from src\main\AndroidManifest.xml:103:22-70
uses-permission#android.permission.CHANGE_WIFI_STATE
ADDED from src\main\AndroidManifest.xml:105:5-76
	android:name
		ADDED from src\main\AndroidManifest.xml:105:22-73
uses-permission#android.permission.MOUNT_UNMOUNT_FILESYSTEMS
ADDED from src\main\AndroidManifest.xml:107:5-84
	android:name
		ADDED from src\main\AndroidManifest.xml:107:22-81
uses-permission#android.permission.READ_LOGS
ADDED from src\main\AndroidManifest.xml:108:5-68
	android:name
		ADDED from src\main\AndroidManifest.xml:108:22-65
uses-permission#android.permission.RECEIVE_BOOT_COMPLETED
ADDED from src\main\AndroidManifest.xml:128:5-81
	android:name
		ADDED from src\main\AndroidManifest.xml:128:22-78
uses-permission#getui.permission.GetuiService.com.HBuilder.integrate
ADDED from src\main\AndroidManifest.xml:133:5-92
	android:name
		ADDED from src\main\AndroidManifest.xml:133:22-89
permission#getui.permission.GetuiService.com.foxchen.qbs
ADDED from src\main\AndroidManifest.xml:134:5-136:44
	android:protectionLevel
		ADDED from src\main\AndroidManifest.xml:136:9-41
	android:name
		ADDED from src\main\AndroidManifest.xml:135:9-69
uses-permission#android.permission.ACCESS_MOCK_LOCATION
ADDED from src\main\AndroidManifest.xml:151:5-79
	android:name
		ADDED from src\main\AndroidManifest.xml:151:22-76
uses-permission#android.permission.CHANGE_NETWORK_STATE
ADDED from src\main\AndroidManifest.xml:164:5-79
	android:name
		ADDED from src\main\AndroidManifest.xml:164:22-76
uses-permission#android.permission.RECEIVE_USER_PRESENT
ADDED from src\main\AndroidManifest.xml:173:5-79
	android:name
		ADDED from src\main\AndroidManifest.xml:173:22-76
uses-permission#com.xiaomi.permission.AUTH_SERVICE
ADDED from src\main\AndroidManifest.xml:177:5-73
	android:name
		ADDED from src\main\AndroidManifest.xml:177:22-71
uses-permission#android.permission.BLUETOOTH
ADDED from src\main\AndroidManifest.xml:182:5-68
	android:name
		ADDED from src\main\AndroidManifest.xml:182:22-65
uses-permission#android.permission.BLUETOOTH_ADMIN
ADDED from src\main\AndroidManifest.xml:183:5-74
	android:name
		ADDED from src\main\AndroidManifest.xml:183:22-71
uses-permission#android.permission.BLUETOOTH_PRIVILEGED
ADDED from src\main\AndroidManifest.xml:184:5-78
	android:name
		ADDED from src\main\AndroidManifest.xml:184:22-76
uses-permission-sdk-23
ADDED from src\main\AndroidManifest.xml:185:5-87
	android:name
		ADDED from src\main\AndroidManifest.xml:185:29-85
application
ADDED from src\main\AndroidManifest.xml:189:5-584:19
MERGED from [com.android.support:appcompat-v7:23.1.1] AndroidManifest.xml:22:5-20
MERGED from [com.android.support:support-v4:23.1.1] AndroidManifest.xml:22:5-20
MERGED from [HealthQDoctor:xlistview_autoload:unspecified] AndroidManifest.xml:9:5-20
MERGED from [HealthQDoctor:lib:unspecified] AndroidManifest.xml:11:5-14:19
	android:label
		ADDED from src\main\AndroidManifest.xml:193:9-41
	android:allowClearUserData
		ADDED from src\main\AndroidManifest.xml:191:9-42
	android:icon
		ADDED from src\main\AndroidManifest.xml:192:9-38
	android:largeHeap
		ADDED from src\main\AndroidManifest.xml:194:9-33
	android:allowBackup
		ADDED from [HealthQDoctor:lib:unspecified] AndroidManifest.xml:12:9-35
	android:theme
		ADDED from src\main\AndroidManifest.xml:195:9-43
	android:name
		ADDED from src\main\AndroidManifest.xml:190:9-56
activity#com.foxchen.qbs.SDK_WebApp
ADDED from src\main\AndroidManifest.xml:198:9-210:20
	android:screenOrientation
		ADDED from src\main\AndroidManifest.xml:203:13-45
	android:label
		ADDED from src\main\AndroidManifest.xml:201:13-45
	android:launchMode
		ADDED from src\main\AndroidManifest.xml:202:13-44
	android:windowSoftInputMode
		ADDED from src\main\AndroidManifest.xml:204:13-55
	android:configChanges
		ADDED from src\main\AndroidManifest.xml:200:13-63
	android:name
		ADDED from src\main\AndroidManifest.xml:199:13-39
intent-filter#android.intent.action.MAIN+android.intent.category.LAUNCHER
ADDED from src\main\AndroidManifest.xml:205:13-209:29
action#android.intent.action.MAIN
ADDED from src\main\AndroidManifest.xml:206:17-69
	android:name
		ADDED from src\main\AndroidManifest.xml:206:25-66
category#android.intent.category.LAUNCHER
ADDED from src\main\AndroidManifest.xml:208:17-77
	android:name
		ADDED from src\main\AndroidManifest.xml:208:27-74
activity#io.dcloud.PandoraEntryActivity
ADDED from src\main\AndroidManifest.xml:213:9-222:20
	android:screenOrientation
		ADDED from src\main\AndroidManifest.xml:219:13-45
	android:label
		ADDED from src\main\AndroidManifest.xml:217:13-36
	android:hardwareAccelerated
		ADDED from src\main\AndroidManifest.xml:216:13-47
	android:launchMode
		ADDED from src\main\AndroidManifest.xml:218:13-44
	android:windowSoftInputMode
		ADDED from src\main\AndroidManifest.xml:221:13-55
	android:configChanges
		ADDED from src\main\AndroidManifest.xml:215:13-74
	android:theme
		ADDED from src\main\AndroidManifest.xml:220:13-47
	android:name
		ADDED from src\main\AndroidManifest.xml:214:13-58
service#io.dcloud.common.adapter.io.MiniServerService
ADDED from src\main\AndroidManifest.xml:224:9-226:39
	android:exported
		ADDED from src\main\AndroidManifest.xml:226:13-36
	android:name
		ADDED from src\main\AndroidManifest.xml:225:13-73
activity#io.dcloud.imagepick.CustomGalleryActivity
ADDED from src\main\AndroidManifest.xml:228:9-235:20
	android:name
		ADDED from src\main\AndroidManifest.xml:228:19-75
intent-filter#android.intent.category.DEFAULT+io.dcloud.ACTION_MULTIPLE_PICK+io.dcloud.ACTION_PICK
ADDED from src\main\AndroidManifest.xml:229:13-234:29
action#io.dcloud.ACTION_PICK
ADDED from src\main\AndroidManifest.xml:230:17-64
	android:name
		ADDED from src\main\AndroidManifest.xml:230:25-61
action#io.dcloud.ACTION_MULTIPLE_PICK
ADDED from src\main\AndroidManifest.xml:231:17-73
	android:name
		ADDED from src\main\AndroidManifest.xml:231:25-70
category#android.intent.category.DEFAULT
ADDED from src\main\AndroidManifest.xml:233:17-76
	android:name
		ADDED from src\main\AndroidManifest.xml:233:27-73
meta-data#UMENG_APPKEY
ADDED from src\main\AndroidManifest.xml:241:9-243:56
	android:value
		ADDED from src\main\AndroidManifest.xml:243:13-53
	android:name
		ADDED from src\main\AndroidManifest.xml:242:13-40
meta-data#UMENG_CHANNEL
ADDED from src\main\AndroidManifest.xml:244:9-246:39
	android:value
		ADDED from src\main\AndroidManifest.xml:246:13-36
	android:name
		ADDED from src\main\AndroidManifest.xml:245:13-41
meta-data#QQ_APPID
ADDED from src\main\AndroidManifest.xml:270:9-272:39
	android:value
		ADDED from src\main\AndroidManifest.xml:272:13-36
	android:name
		ADDED from src\main\AndroidManifest.xml:271:13-36
activity#com.tencent.tauth.AuthActivity
ADDED from src\main\AndroidManifest.xml:274:9-286:20
	android:launchMode
		ADDED from src\main\AndroidManifest.xml:276:13-44
	android:noHistory
		ADDED from src\main\AndroidManifest.xml:277:13-37
	android:name
		ADDED from src\main\AndroidManifest.xml:275:13-58
intent-filter#android.intent.action.VIEW+android.intent.category.BROWSABLE+android.intent.category.DEFAULT
ADDED from src\main\AndroidManifest.xml:278:13-285:29
action#android.intent.action.VIEW
ADDED from src\main\AndroidManifest.xml:279:17-69
	android:name
		ADDED from src\main\AndroidManifest.xml:279:25-66
category#android.intent.category.BROWSABLE
ADDED from src\main\AndroidManifest.xml:282:17-78
	android:name
		ADDED from src\main\AndroidManifest.xml:282:27-75
data
ADDED from src\main\AndroidManifest.xml:284:17-50
	android:scheme
		ADDED from src\main\AndroidManifest.xml:284:23-47
activity#com.tencent.connect.common.AssistActivity
ADDED from src\main\AndroidManifest.xml:287:9-290:75
	android:screenOrientation
		ADDED from src\main\AndroidManifest.xml:289:13-49
	android:theme
		ADDED from src\main\AndroidManifest.xml:290:13-72
	android:name
		ADDED from src\main\AndroidManifest.xml:288:13-69
meta-data#IFLY_APPKEY
ADDED from src\main\AndroidManifest.xml:321:9-323:40
	android:value
		ADDED from src\main\AndroidManifest.xml:323:13-37
	android:name
		ADDED from src\main\AndroidManifest.xml:322:13-39
meta-data#PUSH_APPID
ADDED from src\main\AndroidManifest.xml:333:9-335:54
	android:value
		ADDED from src\main\AndroidManifest.xml:335:13-51
	android:name
		ADDED from src\main\AndroidManifest.xml:334:13-38
meta-data#PUSH_APPKEY
ADDED from src\main\AndroidManifest.xml:336:9-338:54
	android:value
		ADDED from src\main\AndroidManifest.xml:338:13-51
	android:name
		ADDED from src\main\AndroidManifest.xml:337:13-39
meta-data#PUSH_APPSECRET
ADDED from src\main\AndroidManifest.xml:339:9-341:54
	android:value
		ADDED from src\main\AndroidManifest.xml:341:13-51
	android:name
		ADDED from src\main\AndroidManifest.xml:340:13-42
service#com.igexin.sdk.PushService
ADDED from src\main\AndroidManifest.xml:343:9-347:19
	android:process
		ADDED from src\main\AndroidManifest.xml:343:119-149
	android:label
		ADDED from src\main\AndroidManifest.xml:343:84-118
	android:exported
		ADDED from src\main\AndroidManifest.xml:343:60-83
	android:name
		ADDED from src\main\AndroidManifest.xml:343:18-59
intent-filter#com.igexin.sdk.action.service.message
ADDED from src\main\AndroidManifest.xml:344:13-346:29
action#com.igexin.sdk.action.service.message
ADDED from src\main\AndroidManifest.xml:345:17-79
	android:name
		ADDED from src\main\AndroidManifest.xml:345:25-77
service#com.igexin.sdk.PushServiceUser
ADDED from src\main\AndroidManifest.xml:348:9-352:19
	android:label
		ADDED from src\main\AndroidManifest.xml:348:88-126
	android:exported
		ADDED from src\main\AndroidManifest.xml:348:64-87
	android:name
		ADDED from src\main\AndroidManifest.xml:348:18-63
intent-filter#com.igexin.sdk.action.user.message
ADDED from src\main\AndroidManifest.xml:349:13-351:29
action#com.igexin.sdk.action.user.message
ADDED from src\main\AndroidManifest.xml:350:17-76
	android:name
		ADDED from src\main\AndroidManifest.xml:350:25-74
receiver#com.igexin.sdk.PushReceiver
ADDED from src\main\AndroidManifest.xml:353:9-363:20
	android:name
		ADDED from src\main\AndroidManifest.xml:353:19-61
intent-filter#android.intent.action.ACTION_POWER_CONNECTED+android.intent.action.ACTION_POWER_DISCONNECTED+android.intent.action.BOOT_COMPLETED+android.intent.action.MEDIA_MOUNTED+android.intent.action.USER_PRESENT+android.net.conn.CONNECTIVITY_CHANGE+com.igexin.sdk.action.refreshls
ADDED from src\main\AndroidManifest.xml:354:13-362:29
action#android.intent.action.BOOT_COMPLETED
ADDED from src\main\AndroidManifest.xml:355:17-78
	android:name
		ADDED from src\main\AndroidManifest.xml:355:25-76
action#android.net.conn.CONNECTIVITY_CHANGE
ADDED from src\main\AndroidManifest.xml:356:17-78
	android:name
		ADDED from src\main\AndroidManifest.xml:356:25-76
action#android.intent.action.USER_PRESENT
ADDED from src\main\AndroidManifest.xml:357:17-76
	android:name
		ADDED from src\main\AndroidManifest.xml:357:25-74
action#com.igexin.sdk.action.refreshls
ADDED from src\main\AndroidManifest.xml:358:17-73
	android:name
		ADDED from src\main\AndroidManifest.xml:358:25-71
action#android.intent.action.MEDIA_MOUNTED
ADDED from src\main\AndroidManifest.xml:359:17-77
	android:name
		ADDED from src\main\AndroidManifest.xml:359:25-75
action#android.intent.action.ACTION_POWER_CONNECTED
ADDED from src\main\AndroidManifest.xml:360:17-86
	android:name
		ADDED from src\main\AndroidManifest.xml:360:25-84
action#android.intent.action.ACTION_POWER_DISCONNECTED
ADDED from src\main\AndroidManifest.xml:361:17-89
	android:name
		ADDED from src\main\AndroidManifest.xml:361:25-87
receiver#com.igexin.sdk.PushManagerReceiver
ADDED from src\main\AndroidManifest.xml:364:9-368:20
	android:exported
		ADDED from src\main\AndroidManifest.xml:364:69-93
	android:name
		ADDED from src\main\AndroidManifest.xml:364:19-68
intent-filter#com.igexin.sdk.action.pushmanager
ADDED from src\main\AndroidManifest.xml:365:13-367:29
action#com.igexin.sdk.action.pushmanager
ADDED from src\main\AndroidManifest.xml:366:17-75
	android:name
		ADDED from src\main\AndroidManifest.xml:366:25-73
activity#com.igexin.sdk.PushActivity
ADDED from src\main\AndroidManifest.xml:369:9-268
	android:process
		ADDED from src\main\AndroidManifest.xml:369:121-151
	android:excludeFromRecents
		ADDED from src\main\AndroidManifest.xml:369:62-95
	android:exported
		ADDED from src\main\AndroidManifest.xml:369:96-120
	android:theme
		ADDED from src\main\AndroidManifest.xml:369:207-266
	android:taskAffinity
		ADDED from src\main\AndroidManifest.xml:369:152-206
	android:name
		ADDED from src\main\AndroidManifest.xml:369:19-61
activity#com.igexin.sdk.GActivity
ADDED from src\main\AndroidManifest.xml:370:9-264
	android:process
		ADDED from src\main\AndroidManifest.xml:370:117-147
	android:excludeFromRecents
		ADDED from src\main\AndroidManifest.xml:370:59-92
	android:exported
		ADDED from src\main\AndroidManifest.xml:370:93-116
	android:theme
		ADDED from src\main\AndroidManifest.xml:370:203-262
	android:taskAffinity
		ADDED from src\main\AndroidManifest.xml:370:148-202
	android:name
		ADDED from src\main\AndroidManifest.xml:370:19-58
service#com.igexin.download.DownloadService
ADDED from src\main\AndroidManifest.xml:371:9-101
	android:process
		ADDED from src\main\AndroidManifest.xml:371:69-99
	android:name
		ADDED from src\main\AndroidManifest.xml:371:18-68
receiver#com.igexin.download.DownloadReceiver
ADDED from src\main\AndroidManifest.xml:372:9-376:20
	android:name
		ADDED from src\main\AndroidManifest.xml:372:19-70
intent-filter#android.net.conn.CONNECTIVITY_CHANGE
ADDED from src\main\AndroidManifest.xml:373:13-375:29
provider#com.igexin.download.DownloadProvider
ADDED from src\main\AndroidManifest.xml:377:9-379:69
	android:authorities
		ADDED from src\main\AndroidManifest.xml:378:13-60
	android:process
		ADDED from src\main\AndroidManifest.xml:379:37-67
	android:exported
		ADDED from src\main\AndroidManifest.xml:379:13-36
	android:name
		ADDED from src\main\AndroidManifest.xml:377:19-70
receiver#io.dcloud.feature.apsGt.PushMessageReceiver
ADDED from src\main\AndroidManifest.xml:380:9-384:20
	android:name
		ADDED from src\main\AndroidManifest.xml:380:19-77
intent-filter#com.igexin.sdk.action.pNc2cy1kHZ9ykjPCFKofB1
ADDED from src\main\AndroidManifest.xml:381:13-383:29
action#com.igexin.sdk.action.pNc2cy1kHZ9ykjPCFKofB1
ADDED from src\main\AndroidManifest.xml:382:17-86
	android:name
		ADDED from src\main\AndroidManifest.xml:382:25-84
receiver#io.dcloud.feature.apsGt.GTNotificationReceiver
ADDED from src\main\AndroidManifest.xml:385:9-393:20
	android:name
		ADDED from src\main\AndroidManifest.xml:385:19-80
intent-filter#android.intent.action.BOOT_COMPLETED+com.foxchen.qbs.__CLEAR_NOTIFICATION+com.foxchen.qbs.__CLILK_NOTIFICATION+com.foxchen.qbs.__CREATE_NOTIFICATION+com.foxchen.qbs.__REMOVE_NOTIFICATION
ADDED from src\main\AndroidManifest.xml:386:13-392:29
action#com.foxchen.qbs.__CREATE_NOTIFICATION
ADDED from src\main\AndroidManifest.xml:388:17-79
	android:name
		ADDED from src\main\AndroidManifest.xml:388:25-77
action#com.foxchen.qbs.__REMOVE_NOTIFICATION
ADDED from src\main\AndroidManifest.xml:389:17-79
	android:name
		ADDED from src\main\AndroidManifest.xml:389:25-77
action#com.foxchen.qbs.__CLEAR_NOTIFICATION
ADDED from src\main\AndroidManifest.xml:390:17-78
	android:name
		ADDED from src\main\AndroidManifest.xml:390:25-76
action#com.foxchen.qbs.__CLILK_NOTIFICATION
ADDED from src\main\AndroidManifest.xml:391:17-78
	android:name
		ADDED from src\main\AndroidManifest.xml:391:25-76
meta-data#SINA_REDIRECT_URI
ADDED from src\main\AndroidManifest.xml:399:9-401:53
	android:value
		ADDED from src\main\AndroidManifest.xml:401:13-50
	android:name
		ADDED from src\main\AndroidManifest.xml:400:13-45
meta-data#SINA_SECRET
ADDED from src\main\AndroidManifest.xml:402:9-404:53
	android:value
		ADDED from src\main\AndroidManifest.xml:404:13-50
	android:name
		ADDED from src\main\AndroidManifest.xml:403:13-39
meta-data#SINA_APPKEY
ADDED from src\main\AndroidManifest.xml:405:9-407:65
	android:value
		ADDED from src\main\AndroidManifest.xml:407:13-62
	android:name
		ADDED from src\main\AndroidManifest.xml:406:13-39
activity#com.sina.weibo.sdk.component.WeiboSdkBrowser
ADDED from src\main\AndroidManifest.xml:408:9-413:20
	android:exported
		ADDED from src\main\AndroidManifest.xml:411:13-37
	android:windowSoftInputMode
		ADDED from src\main\AndroidManifest.xml:412:13-55
	android:configChanges
		ADDED from src\main\AndroidManifest.xml:410:13-63
	android:name
		ADDED from src\main\AndroidManifest.xml:409:13-72
activity#com.HBuilder.integrate.SinaCallbackActivity
ADDED from src\main\AndroidManifest.xml:415:9-425:20
	android:screenOrientation
		ADDED from src\main\AndroidManifest.xml:419:13-49
	android:launchMode
		ADDED from src\main\AndroidManifest.xml:418:13-44
	android:configChanges
		ADDED from src\main\AndroidManifest.xml:417:13-63
	android:theme
		ADDED from src\main\AndroidManifest.xml:420:13-83
	android:name
		ADDED from src\main\AndroidManifest.xml:416:13-71
intent-filter#android.intent.category.DEFAULT+com.sina.weibo.sdk.action.ACTION_SDK_REQ_ACTIVITY
ADDED from src\main\AndroidManifest.xml:421:13-424:29
action#com.sina.weibo.sdk.action.ACTION_SDK_REQ_ACTIVITY
ADDED from src\main\AndroidManifest.xml:422:17-91
	android:name
		ADDED from src\main\AndroidManifest.xml:422:25-89
meta-data#TENCENT_REDIRECT_URI
ADDED from src\main\AndroidManifest.xml:428:9-430:53
	android:value
		ADDED from src\main\AndroidManifest.xml:430:13-50
	android:name
		ADDED from src\main\AndroidManifest.xml:429:13-48
meta-data#TENCENT_SECRET
ADDED from src\main\AndroidManifest.xml:431:9-433:53
	android:value
		ADDED from src\main\AndroidManifest.xml:433:13-50
	android:name
		ADDED from src\main\AndroidManifest.xml:432:13-42
meta-data#TENCENT_APPKEY
ADDED from src\main\AndroidManifest.xml:434:9-436:65
	android:value
		ADDED from src\main\AndroidManifest.xml:436:13-62
	android:name
		ADDED from src\main\AndroidManifest.xml:435:13-42
activity#io.dcloud.share.tencent.WebAuthorize
ADDED from src\main\AndroidManifest.xml:438:9-441:20
	android:theme
		ADDED from src\main\AndroidManifest.xml:440:13-60
	android:name
		ADDED from src\main\AndroidManifest.xml:439:13-64
meta-data#WX_SECRET
ADDED from src\main\AndroidManifest.xml:443:9-445:64
	android:value
		ADDED from src\main\AndroidManifest.xml:445:13-61
	android:name
		ADDED from src\main\AndroidManifest.xml:444:13-37
meta-data#WX_APPID
ADDED from src\main\AndroidManifest.xml:446:9-448:50
	android:value
		ADDED from src\main\AndroidManifest.xml:448:13-47
	android:name
		ADDED from src\main\AndroidManifest.xml:447:13-36
activity#com.foxchen.qbs.wxapi.WXEntryActivity
ADDED from src\main\AndroidManifest.xml:450:9-462:20
	android:label
		ADDED from src\main\AndroidManifest.xml:453:13-45
	android:launchMode
		ADDED from src\main\AndroidManifest.xml:454:13-43
	android:exported
		ADDED from src\main\AndroidManifest.xml:452:13-36
	android:name
		ADDED from src\main\AndroidManifest.xml:451:13-65
intent-filter#android.intent.action.VIEW+android.intent.category.DEFAULT
ADDED from src\main\AndroidManifest.xml:455:13-461:29
activity#com.alipay.sdk.app.H5PayActivity
ADDED from src\main\AndroidManifest.xml:467:9-473:20
	android:screenOrientation
		ADDED from src\main\AndroidManifest.xml:471:13-47
	android:exported
		ADDED from src\main\AndroidManifest.xml:470:13-37
	android:windowSoftInputMode
		ADDED from src\main\AndroidManifest.xml:472:13-67
	android:configChanges
		ADDED from src\main\AndroidManifest.xml:469:13-74
	android:name
		ADDED from src\main\AndroidManifest.xml:468:13-60
activity#com.alipay.sdk.auth.AuthActivity
ADDED from src\main\AndroidManifest.xml:474:9-479:20
	android:screenOrientation
		ADDED from src\main\AndroidManifest.xml:478:13-47
	android:exported
		ADDED from src\main\AndroidManifest.xml:477:13-37
	android:configChanges
		ADDED from src\main\AndroidManifest.xml:476:13-74
	android:name
		ADDED from src\main\AndroidManifest.xml:475:13-60
activity#io.dcloud.HBuilder.wxapi.WXPayEntryActivity
ADDED from src\main\AndroidManifest.xml:484:9-487:46
	android:launchMode
		ADDED from src\main\AndroidManifest.xml:487:13-43
	android:exported
		ADDED from src\main\AndroidManifest.xml:486:13-36
	android:name
		ADDED from src\main\AndroidManifest.xml:485:13-71
meta-data#MIUI_APPID
ADDED from src\main\AndroidManifest.xml:495:9-77
	android:value
		ADDED from src\main\AndroidManifest.xml:495:20-49
	android:name
		ADDED from src\main\AndroidManifest.xml:495:50-75
meta-data#MIUI_APPSECRET
ADDED from src\main\AndroidManifest.xml:496:9-84
	android:value
		ADDED from src\main\AndroidManifest.xml:496:20-52
	android:name
		ADDED from src\main\AndroidManifest.xml:496:53-82
meta-data#MIUI_REDIRECT_URI
ADDED from src\main\AndroidManifest.xml:497:9-82
	android:value
		ADDED from src\main\AndroidManifest.xml:497:20-47
	android:name
		ADDED from src\main\AndroidManifest.xml:497:48-80
activity#com.xiaomi.account.openauth.AuthorizeActivity
ADDED from src\main\AndroidManifest.xml:498:9-81
	android:name
		ADDED from src\main\AndroidManifest.xml:498:19-79
activity#com.cnnet.otc.health.activities.DetectBle2Activity
ADDED from src\main\AndroidManifest.xml:546:9-548:52
	android:screenOrientation
		ADDED from src\main\AndroidManifest.xml:548:13-49
	android:name
		ADDED from src\main\AndroidManifest.xml:547:13-78
activity#com.cnnet.otc.health.activities.DetectBle3Activity
ADDED from src\main\AndroidManifest.xml:550:9-552:52
	android:screenOrientation
		ADDED from src\main\AndroidManifest.xml:552:13-49
	android:name
		ADDED from src\main\AndroidManifest.xml:551:13-78
activity#com.cnnet.otc.health.activities.DetectBle4Activity
ADDED from src\main\AndroidManifest.xml:554:9-556:52
	android:screenOrientation
		ADDED from src\main\AndroidManifest.xml:556:13-49
	android:name
		ADDED from src\main\AndroidManifest.xml:555:13-78
activity#com.foxchen.qbs.health.activities.DetectWifiGuideActivity
ADDED from src\main\AndroidManifest.xml:559:9-561:66
	android:label
		ADDED from src\main\AndroidManifest.xml:561:13-63
	android:name
		ADDED from src\main\AndroidManifest.xml:560:13-70
activity#com.foxchen.qbs.health.activities.DetectWifiActivity
ADDED from src\main\AndroidManifest.xml:563:9-565:66
	android:label
		ADDED from src\main\AndroidManifest.xml:565:13-63
	android:name
		ADDED from src\main\AndroidManifest.xml:564:13-65
activity#com.foxchen.qbs.health.activities.LSBLueDeviceListActivity
ADDED from src\main\AndroidManifest.xml:566:9-568:73
	android:label
		ADDED from src\main\AndroidManifest.xml:568:13-70
	android:name
		ADDED from src\main\AndroidManifest.xml:567:13-71
activity#com.foxchen.qbs.health.activities.LSBlueDeviceAddActivity
ADDED from src\main\AndroidManifest.xml:569:9-571:72
	android:label
		ADDED from src\main\AndroidManifest.xml:571:13-69
	android:name
		ADDED from src\main\AndroidManifest.xml:570:13-70
activity#com.foxchen.qbs.health.activities.DetectWifiSerchActivity
ADDED from src\main\AndroidManifest.xml:572:9-574:72
	android:label
		ADDED from src\main\AndroidManifest.xml:574:13-69
	android:name
		ADDED from src\main\AndroidManifest.xml:573:13-70
activity#com.foxchen.qbs.health.activities.DetectWifiSuccActivity
ADDED from src\main\AndroidManifest.xml:575:9-577:71
	android:label
		ADDED from src\main\AndroidManifest.xml:577:13-68
	android:name
		ADDED from src\main\AndroidManifest.xml:576:13-69
activity#com.foxchen.qbs.health.activities.DetectWifiFailureActivity
ADDED from src\main\AndroidManifest.xml:578:9-580:74
	android:label
		ADDED from src\main\AndroidManifest.xml:580:13-71
	android:name
		ADDED from src\main\AndroidManifest.xml:579:13-72
activity#com.foxchen.qbs.health.activities.LSBlueAddSyncActivity
ADDED from src\main\AndroidManifest.xml:581:9-583:79
	android:label
		ADDED from src\main\AndroidManifest.xml:583:13-67
	android:name
		ADDED from src\main\AndroidManifest.xml:582:13-68
uses-sdk
INJECTED from src\main\AndroidManifest.xml reason: use-sdk injection requested
MERGED from [com.android.support:appcompat-v7:23.1.1] AndroidManifest.xml:20:5-43
MERGED from [com.android.support:support-v4:23.1.1] AndroidManifest.xml:20:5-43
MERGED from [com.baoyz.swipemenulistview:library:1.3.0] AndroidManifest.xml:7:5-9:41
MERGED from [HealthQDoctor:mcustom-HerilyAlertDialog-library:unspecified] AndroidManifest.xml:7:5-9:41
MERGED from [HealthQDoctor:xlistview_autoload:unspecified] AndroidManifest.xml:7:5-43
MERGED from [com.android.support:multidex:1.0.1] AndroidManifest.xml:18:5-42
MERGED from [HealthQDoctor:lib:unspecified] AndroidManifest.xml:7:5-9:41
	android:targetSdkVersion
		INJECTED from src\main\AndroidManifest.xml
		INJECTED from src\main\AndroidManifest.xml
	android:minSdkVersion
		INJECTED from src\main\AndroidManifest.xml
		INJECTED from src\main\AndroidManifest.xml